生成启动时间为 2013/11/10 16:00:14。
     1>项目“C:\Users\Administrator\Desktop\课后作业\编程珠玑\2\q2.3\q2.3\q2.3.vcxproj”在节点 2 上(build 个目标)。
     1>InitializeBuildStatus:
         正在创建“Debug\q2.3.unsuccessfulbuild”，因为已指定“AlwaysCreate”。
       ClCompile:
         所有输出均为最新。
         c:\Program Files\Microsoft Visual Studio 10.0\VC\bin\CL.exe /c /ZI /nologo /W3 /WX- /Od /Oy- /D WIN32 /D _DEBUG /D _CONSOLE /D _UNICODE /D UNICODE /Gm /EHsc /RTC1 /MDd /GS /fp:precise /Zc:wchar_t /Zc:forScope /Yu"StdAfx.h" /Fp"Debug\q2.3.pch" /Fo"Debug\\" /Fd"Debug\vc100.pdb" /Gd /TP /analyze- /errorReport:prompt q2.3.cpp
         q2.3.cpp
     1>c:\users\administrator\desktop\课后作业\编程珠玑\2\q2.3\q2.3\q2.3.cpp(42): warning C4996: 'strcpy': This function or variable may be unsafe. Consider using strcpy_s instead. To disable deprecation, use _CRT_SECURE_NO_WARNINGS. See online help for details.
                 c:\program files\microsoft visual studio 10.0\vc\include\string.h(105) : 参见“strcpy”的声明
     1>c:\users\administrator\desktop\课后作业\编程珠玑\2\q2.3\q2.3\q2.3.cpp(43): warning C4996: 'strcat': This function or variable may be unsafe. Consider using strcat_s instead. To disable deprecation, use _CRT_SECURE_NO_WARNINGS. See online help for details.
                 c:\program files\microsoft visual studio 10.0\vc\include\string.h(110) : 参见“strcat”的声明
       ManifestResourceCompile:
         所有输出均为最新。
       Link:
         c:\Program Files\Microsoft Visual Studio 10.0\VC\bin\link.exe /ERRORREPORT:PROMPT /OUT:"C:\Users\Administrator\Desktop\课后作业\编程珠玑\2\q2.3\Debug\q2.3.exe" /INCREMENTAL /NOLOGO kernel32.lib user32.lib gdi32.lib winspool.lib comdlg32.lib advapi32.lib shell32.lib ole32.lib oleaut32.lib uuid.lib odbc32.lib odbccp32.lib /MANIFEST /ManifestFile:"Debug\q2.3.exe.intermediate.manifest" /MANIFESTUAC:"level='asInvoker' uiAccess='false'" /DEBUG /PDB:"C:\Users\Administrator\Desktop\课后作业\编程珠玑\2\q2.3\Debug\q2.3.pdb" /SUBSYSTEM:CONSOLE /TLBID:1 /DYNAMICBASE /NXCOMPAT /IMPLIB:"C:\Users\Administrator\Desktop\课后作业\编程珠玑\2\q2.3\Debug\q2.3.lib" /MACHINE:X86 Debug\q2.3.exe.embed.manifest.res
         Debug\q2.3.obj
         Debug\stdafx.obj
       Manifest:
         c:\Program Files\Microsoft SDKs\Windows\v7.0A\bin\mt.exe /nologo /verbose /out:"Debug\q2.3.exe.embed.manifest" /manifest Debug\q2.3.exe.intermediate.manifest
         所有输出均为最新。
       LinkEmbedManifest:
         所有输出均为最新。
         q2.3.vcxproj -> C:\Users\Administrator\Desktop\课后作业\编程珠玑\2\q2.3\Debug\q2.3.exe
       FinalizeBuildStatus:
         正在删除文件“Debug\q2.3.unsuccessfulbuild”。
         正在对“Debug\q2.3.lastbuildstate”执行 Touch 任务。
     1>已完成生成项目“C:\Users\Administrator\Desktop\课后作业\编程珠玑\2\q2.3\q2.3\q2.3.vcxproj”(build 个目标)的操作。

生成成功。

已用时间 00:00:01.45
